c:\users\lidia\documents\visual studio 2019\projects\application1\debug\vc142.pdb
c:\users\lidia\documents\visual studio 2019\projects\application1\debug\vc142.idb
c:\users\lidia\documents\visual studio 2019\projects\application1\debug\window.obj
c:\users\lidia\documents\visual studio 2019\projects\application1\debug\vertexarrayobject.obj
c:\users\lidia\documents\visual studio 2019\projects\application1\debug\texture.obj
c:\users\lidia\documents\visual studio 2019\projects\application1\debug\testingarea.obj
c:\users\lidia\documents\visual studio 2019\projects\application1\debug\shaderprogram.obj
c:\users\lidia\documents\visual studio 2019\projects\application1\debug\shader.obj
c:\users\lidia\documents\visual studio 2019\projects\application1\debug\pca.obj
c:\users\lidia\documents\visual studio 2019\projects\application1\debug\model.obj
c:\users\lidia\documents\visual studio 2019\projects\application1\debug\mesh.obj
c:\users\lidia\documents\visual studio 2019\projects\application1\debug\main.obj
c:\users\lidia\documents\visual studio 2019\projects\application1\debug\inputhandler.obj
c:\users\lidia\documents\visual studio 2019\projects\application1\debug\debug.obj
c:\users\lidia\documents\visual studio 2019\projects\application1\debug\something.obj
c:\users\lidia\documents\visual studio 2019\projects\application1\debug\application1.exe
c:\users\lidia\documents\visual studio 2019\projects\application1\debug\application1.ilk
c:\users\lidia\documents\visual studio 2019\projects\application1\debug\application1.pdb
c:\users\lidia\documents\visual studio 2019\projects\application1\debug\debug.nativecodeanalysis.xml
c:\users\lidia\documents\visual studio 2019\projects\application1\debug\inputhandler.nativecodeanalysis.xml
c:\users\lidia\documents\visual studio 2019\projects\application1\debug\main.nativecodeanalysis.xml
c:\users\lidia\documents\visual studio 2019\projects\application1\debug\mesh.nativecodeanalysis.xml
c:\users\lidia\documents\visual studio 2019\projects\application1\debug\model.nativecodeanalysis.xml
c:\users\lidia\documents\visual studio 2019\projects\application1\debug\pca.nativecodeanalysis.xml
c:\users\lidia\documents\visual studio 2019\projects\application1\debug\shader.nativecodeanalysis.xml
c:\users\lidia\documents\visual studio 2019\projects\application1\debug\shaderprogram.nativecodeanalysis.xml
c:\users\lidia\documents\visual studio 2019\projects\application1\debug\something.nativecodeanalysis.xml
c:\users\lidia\documents\visual studio 2019\projects\application1\debug\testingarea.nativecodeanalysis.xml
c:\users\lidia\documents\visual studio 2019\projects\application1\debug\texture.nativecodeanalysis.xml
c:\users\lidia\documents\visual studio 2019\projects\application1\debug\vc.nativecodeanalysis.all.xml
c:\users\lidia\documents\visual studio 2019\projects\application1\debug\vertexarrayobject.nativecodeanalysis.xml
c:\users\lidia\documents\visual studio 2019\projects\application1\debug\window.nativecodeanalysis.xml
c:\users\lidia\documents\visual studio 2019\projects\application1\debug\application1.tlog\cl.command.1.tlog
c:\users\lidia\documents\visual studio 2019\projects\application1\debug\application1.tlog\cl.read.1.tlog
c:\users\lidia\documents\visual studio 2019\projects\application1\debug\application1.tlog\cl.write.1.tlog
c:\users\lidia\documents\visual studio 2019\projects\application1\debug\application1.tlog\link.command.1.tlog
c:\users\lidia\documents\visual studio 2019\projects\application1\debug\application1.tlog\link.read.1.tlog
c:\users\lidia\documents\visual studio 2019\projects\application1\debug\application1.tlog\link.write.1.tlog
