  Debug.cpp
  InputHandler.cpp
  main.cpp
C:\Program Files (x86)\Windows Kits\10\Include\10.0.18362.0\shared\minwindef.h(130,1): warning C4005: "APIENTRY": ponowna definicja makra
C:\Users\PTK\Documents\Visual Studio 2019\Libraries\OpenGL\include\GL\glfw3.h(123): message : zobacz poprzednią definicję „APIENTRY”
  Mesh.cpp
C:\Users\PTK\Documents\Visual Studio 2019\Projects\Application1\Mesh.cpp(39,49): warning C4244: "argument": konwersja z "int" do "float", możliwa utrata danych
C:\Users\PTK\Documents\Visual Studio 2019\Projects\Application1\Mesh.cpp(44,2): warning C4267: "argument": konwersja z "size_t" do "GLsizei", możliwa utrata danych
C:\Users\PTK\Documents\Visual Studio 2019\Projects\Application1\Mesh.cpp(51,2): warning C4267: "argument": konwersja z "size_t" do "GLsizei", możliwa utrata danych
  Model.cpp
C:\Users\PTK\Documents\Visual Studio 2019\Projects\Application1\Model.cpp(46,20): warning C4018: "<": niezgodność typu ze znakiem/bez znaku
C:\Users\PTK\Documents\Visual Studio 2019\Projects\Application1\Model.cpp(51,20): warning C4018: "<": niezgodność typu ze znakiem/bez znaku
C:\Users\PTK\Documents\Visual Studio 2019\Projects\Application1\Model.cpp(62,20): warning C4018: "<": niezgodność typu ze znakiem/bez znaku
C:\Users\PTK\Documents\Visual Studio 2019\Projects\Application1\Model.cpp(90,20): warning C4018: "<": niezgodność typu ze znakiem/bez znaku
C:\Users\PTK\Documents\Visual Studio 2019\Projects\Application1\Model.cpp(93,21): warning C4018: "<": niezgodność typu ze znakiem/bez znaku
  pca.cpp
  Shader.cpp
  ShaderProgram.cpp
  Something.cpp
C:\Users\PTK\Documents\Visual Studio 2019\Projects\Application1\Something.cpp(382,12): warning C4244: "argument": konwersja z "time_t" do "unsigned int", możliwa utrata danych
C:\Users\PTK\Documents\Visual Studio 2019\Projects\Application1\Something.cpp(387,20): warning C4244: "argument": konwersja z "int" do "float", możliwa utrata danych
C:\Users\PTK\Documents\Visual Studio 2019\Projects\Application1\Something.cpp(398,29): warning C4244: "argument": konwersja z "int" do "float", możliwa utrata danych
C:\Users\PTK\Documents\Visual Studio 2019\Projects\Application1\Something.cpp(398,17): warning C4244: "argument": konwersja z "int" do "float", możliwa utrata danych
  testingarea.cpp
  Texture.cpp
C:\Users\PTK\Documents\Visual Studio 2019\Projects\Application1\Texture.cpp(56,2): warning C4244: "argument": konwersja z "double" do "GLint", możliwa utrata danych
  VertexArrayObject.cpp
C:\Users\PTK\Documents\Visual Studio 2019\Projects\Application1\VertexArrayObject.cpp(24,56): warning C4267: "=": konwersja z "size_t" do "int", możliwa utrata danych
C:\Users\PTK\Documents\Visual Studio 2019\Projects\Application1\VertexArrayObject.cpp(28,56): warning C4267: "=": konwersja z "size_t" do "int", możliwa utrata danych
  Window.cpp
  Generowanie kodu...
InputHandler.obj : error LNK2019: nierozpoznany symbol zewnętrzny glfwSetWindowShouldClose przywołany w funkcji "public: static void __cdecl InputHandler::keyInputCallBack(struct GLFWwindow *,int,int,int,int)" (?keyInputCallBack@InputHandler@@SAXPEAUGLFWwindow@@HHHH@Z)
InputHandler.obj : error LNK2019: nierozpoznany symbol zewnętrzny glfwSetKeyCallback przywołany w funkcji "public: void __cdecl InputHandler::init(struct GLFWwindow *)" (?init@InputHandler@@QEAAXPEAUGLFWwindow@@@Z)
main.obj : error LNK2001: nierozpoznany symbol zewnętrzny glfwSetKeyCallback
main.obj : error LNK2019: nierozpoznany symbol zewnętrzny glfwSetErrorCallback przywołany w funkcji "bool __cdecl ImGui_ImplGlfw_Init(struct GLFWwindow *,bool,enum GlfwClientApi)" (?ImGui_ImplGlfw_Init@@YA_NPEAUGLFWwindow@@_NW4GlfwClientApi@@@Z)
main.obj : error LNK2019: nierozpoznany symbol zewnętrzny glfwGetWindowSize przywołany w funkcji "void __cdecl ImGui_ImplGlfw_NewFrame(void)" (?ImGui_ImplGlfw_NewFrame@@YAXXZ)
main.obj : error LNK2019: nierozpoznany symbol zewnętrzny glfwGetFramebufferSize przywołany w funkcji "void __cdecl ImGui_ImplGlfw_NewFrame(void)" (?ImGui_ImplGlfw_NewFrame@@YAXXZ)
Window.obj : error LNK2001: nierozpoznany symbol zewnętrzny glfwGetFramebufferSize
main.obj : error LNK2019: nierozpoznany symbol zewnętrzny glfwGetWindowAttrib przywołany w funkcji "void __cdecl ImGui_ImplGlfw_UpdateMousePosAndButtons(void)" (?ImGui_ImplGlfw_UpdateMousePosAndButtons@@YAXXZ)
main.obj : error LNK2019: nierozpoznany symbol zewnętrzny glfwGetInputMode przywołany w funkcji "void __cdecl ImGui_ImplGlfw_UpdateMouseCursor(void)" (?ImGui_ImplGlfw_UpdateMouseCursor@@YAXXZ)
main.obj : error LNK2019: nierozpoznany symbol zewnętrzny glfwSetInputMode przywołany w funkcji "void __cdecl ImGui_ImplGlfw_UpdateMouseCursor(void)" (?ImGui_ImplGlfw_UpdateMouseCursor@@YAXXZ)
main.obj : error LNK2019: nierozpoznany symbol zewnętrzny glfwGetMouseButton przywołany w funkcji "void __cdecl ImGui_ImplGlfw_UpdateMousePosAndButtons(void)" (?ImGui_ImplGlfw_UpdateMousePosAndButtons@@YAXXZ)
main.obj : error LNK2019: nierozpoznany symbol zewnętrzny glfwGetCursorPos przywołany w funkcji "void __cdecl ImGui_ImplGlfw_UpdateMousePosAndButtons(void)" (?ImGui_ImplGlfw_UpdateMousePosAndButtons@@YAXXZ)
main.obj : error LNK2019: nierozpoznany symbol zewnętrzny glfwSetCursorPos przywołany w funkcji "void __cdecl ImGui_ImplGlfw_UpdateMousePosAndButtons(void)" (?ImGui_ImplGlfw_UpdateMousePosAndButtons@@YAXXZ)
main.obj : error LNK2019: nierozpoznany symbol zewnętrzny glfwCreateStandardCursor przywołany w funkcji "bool __cdecl ImGui_ImplGlfw_Init(struct GLFWwindow *,bool,enum GlfwClientApi)" (?ImGui_ImplGlfw_Init@@YA_NPEAUGLFWwindow@@_NW4GlfwClientApi@@@Z)
main.obj : error LNK2019: nierozpoznany symbol zewnętrzny glfwDestroyCursor przywołany w funkcji "void __cdecl ImGui_ImplGlfw_Shutdown(void)" (?ImGui_ImplGlfw_Shutdown@@YAXXZ)
main.obj : error LNK2019: nierozpoznany symbol zewnętrzny glfwSetCursor przywołany w funkcji "void __cdecl ImGui_ImplGlfw_UpdateMouseCursor(void)" (?ImGui_ImplGlfw_UpdateMouseCursor@@YAXXZ)
main.obj : error LNK2019: nierozpoznany symbol zewnętrzny glfwSetCharCallback przywołany w funkcji "bool __cdecl ImGui_ImplGlfw_Init(struct GLFWwindow *,bool,enum GlfwClientApi)" (?ImGui_ImplGlfw_Init@@YA_NPEAUGLFWwindow@@_NW4GlfwClientApi@@@Z)
main.obj : error LNK2019: nierozpoznany symbol zewnętrzny glfwSetMouseButtonCallback przywołany w funkcji "bool __cdecl ImGui_ImplGlfw_Init(struct GLFWwindow *,bool,enum GlfwClientApi)" (?ImGui_ImplGlfw_Init@@YA_NPEAUGLFWwindow@@_NW4GlfwClientApi@@@Z)
main.obj : error LNK2019: nierozpoznany symbol zewnętrzny glfwSetScrollCallback przywołany w funkcji "bool __cdecl ImGui_ImplGlfw_Init(struct GLFWwindow *,bool,enum GlfwClientApi)" (?ImGui_ImplGlfw_Init@@YA_NPEAUGLFWwindow@@_NW4GlfwClientApi@@@Z)
main.obj : error LNK2019: nierozpoznany symbol zewnętrzny glfwGetJoystickAxes przywołany w funkcji "void __cdecl ImGui_ImplGlfw_UpdateGamepads(void)" (?ImGui_ImplGlfw_UpdateGamepads@@YAXXZ)
main.obj : error LNK2019: nierozpoznany symbol zewnętrzny glfwGetJoystickButtons przywołany w funkcji "void __cdecl ImGui_ImplGlfw_UpdateGamepads(void)" (?ImGui_ImplGlfw_UpdateGamepads@@YAXXZ)
main.obj : error LNK2019: nierozpoznany symbol zewnętrzny glfwSetClipboardString przywołany w funkcji "void __cdecl ImGui_ImplGlfw_SetClipboardText(void *,char const *)" (?ImGui_ImplGlfw_SetClipboardText@@YAXPEAXPEBD@Z)
main.obj : error LNK2019: nierozpoznany symbol zewnętrzny glfwGetClipboardString przywołany w funkcji "char const * __cdecl ImGui_ImplGlfw_GetClipboardText(void *)" (?ImGui_ImplGlfw_GetClipboardText@@YAPEBDPEAX@Z)
main.obj : error LNK2019: nierozpoznany symbol zewnętrzny glfwGetTime przywołany w funkcji "void __cdecl ImGui_ImplGlfw_NewFrame(void)" (?ImGui_ImplGlfw_NewFrame@@YAXXZ)
main.obj : error LNK2019: nierozpoznany symbol zewnętrzny glfwGetWin32Window przywołany w funkcji "bool __cdecl ImGui_ImplGlfw_Init(struct GLFWwindow *,bool,enum GlfwClientApi)" (?ImGui_ImplGlfw_Init@@YA_NPEAUGLFWwindow@@_NW4GlfwClientApi@@@Z)
main.obj : error LNK2001: nierozpoznany symbol zewnętrzny __glewActiveTexture
Mesh.obj : error LNK2001: nierozpoznany symbol zewnętrzny __glewActiveTexture
Texture.obj : error LNK2001: nierozpoznany symbol zewnętrzny __glewActiveTexture
main.obj : error LNK2001: nierozpoznany symbol zewnętrzny __glewBlendEquation
main.obj : error LNK2001: nierozpoznany symbol zewnętrzny __glewBlendFuncSeparate
main.obj : error LNK2001: nierozpoznany symbol zewnętrzny __glewBindBuffer
Mesh.obj : error LNK2001: nierozpoznany symbol zewnętrzny __glewBindBuffer
VertexArrayObject.obj : error LNK2001: nierozpoznany symbol zewnętrzny __glewBindBuffer
main.obj : error LNK2001: nierozpoznany symbol zewnętrzny __glewBufferData
Mesh.obj : error LNK2001: nierozpoznany symbol zewnętrzny __glewBufferData
VertexArrayObject.obj : error LNK2001: nierozpoznany symbol zewnętrzny __glewBufferData
main.obj : error LNK2001: nierozpoznany symbol zewnętrzny __glewDeleteBuffers
Mesh.obj : error LNK2001: nierozpoznany symbol zewnętrzny __glewDeleteBuffers
VertexArrayObject.obj : error LNK2001: nierozpoznany symbol zewnętrzny __glewDeleteBuffers
main.obj : error LNK2001: nierozpoznany symbol zewnętrzny __glewGenBuffers
Mesh.obj : error LNK2001: nierozpoznany symbol zewnętrzny __glewGenBuffers
VertexArrayObject.obj : error LNK2001: nierozpoznany symbol zewnętrzny __glewGenBuffers
main.obj : error LNK2001: nierozpoznany symbol zewnętrzny __glewAttachShader
ShaderProgram.obj : error LNK2001: nierozpoznany symbol zewnętrzny __glewAttachShader
main.obj : error LNK2001: nierozpoznany symbol zewnętrzny __glewBlendEquationSeparate
main.obj : error LNK2001: nierozpoznany symbol zewnętrzny __glewCompileShader
Shader.obj : error LNK2001: nierozpoznany symbol zewnętrzny __glewCompileShader
main.obj : error LNK2001: nierozpoznany symbol zewnętrzny __glewCreateProgram
ShaderProgram.obj : error LNK2001: nierozpoznany symbol zewnętrzny __glewCreateProgram
main.obj : error LNK2001: nierozpoznany symbol zewnętrzny __glewCreateShader
Shader.obj : error LNK2001: nierozpoznany symbol zewnętrzny __glewCreateShader
main.obj : error LNK2001: nierozpoznany symbol zewnętrzny __glewDeleteProgram
ShaderProgram.obj : error LNK2001: nierozpoznany symbol zewnętrzny __glewDeleteProgram
main.obj : error LNK2001: nierozpoznany symbol zewnętrzny __glewDeleteShader
Shader.obj : error LNK2001: nierozpoznany symbol zewnętrzny __glewDeleteShader
main.obj : error LNK2001: nierozpoznany symbol zewnętrzny __glewDetachShader
main.obj : error LNK2001: nierozpoznany symbol zewnętrzny __glewEnableVertexAttribArray
Mesh.obj : error LNK2001: nierozpoznany symbol zewnętrzny __glewEnableVertexAttribArray
VertexArrayObject.obj : error LNK2001: nierozpoznany symbol zewnętrzny __glewEnableVertexAttribArray
main.obj : error LNK2001: nierozpoznany symbol zewnętrzny __glewGetAttribLocation
main.obj : error LNK2001: nierozpoznany symbol zewnętrzny __glewGetProgramInfoLog
ShaderProgram.obj : error LNK2001: nierozpoznany symbol zewnętrzny __glewGetProgramInfoLog
main.obj : error LNK2001: nierozpoznany symbol zewnętrzny __glewGetProgramiv
ShaderProgram.obj : error LNK2001: nierozpoznany symbol zewnętrzny __glewGetProgramiv
main.obj : error LNK2001: nierozpoznany symbol zewnętrzny __glewGetShaderInfoLog
Shader.obj : error LNK2001: nierozpoznany symbol zewnętrzny __glewGetShaderInfoLog
main.obj : error LNK2001: nierozpoznany symbol zewnętrzny __glewGetShaderiv
Shader.obj : error LNK2001: nierozpoznany symbol zewnętrzny __glewGetShaderiv
main.obj : error LNK2001: nierozpoznany symbol zewnętrzny __glewGetUniformLocation
ShaderProgram.obj : error LNK2001: nierozpoznany symbol zewnętrzny __glewGetUniformLocation
main.obj : error LNK2001: nierozpoznany symbol zewnętrzny __glewLinkProgram
ShaderProgram.obj : error LNK2001: nierozpoznany symbol zewnętrzny __glewLinkProgram
main.obj : error LNK2001: nierozpoznany symbol zewnętrzny __glewShaderSource
Shader.obj : error LNK2001: nierozpoznany symbol zewnętrzny __glewShaderSource
main.obj : error LNK2001: nierozpoznany symbol zewnętrzny __glewUniform1i
ShaderProgram.obj : error LNK2001: nierozpoznany symbol zewnętrzny __glewUniform1i
main.obj : error LNK2001: nierozpoznany symbol zewnętrzny __glewUniformMatrix4fv
ShaderProgram.obj : error LNK2001: nierozpoznany symbol zewnętrzny __glewUniformMatrix4fv
main.obj : error LNK2001: nierozpoznany symbol zewnętrzny __glewUseProgram
ShaderProgram.obj : error LNK2001: nierozpoznany symbol zewnętrzny __glewUseProgram
main.obj : error LNK2001: nierozpoznany symbol zewnętrzny __glewVertexAttribPointer
Mesh.obj : error LNK2001: nierozpoznany symbol zewnętrzny __glewVertexAttribPointer
VertexArrayObject.obj : error LNK2001: nierozpoznany symbol zewnętrzny __glewVertexAttribPointer
main.obj : error LNK2001: nierozpoznany symbol zewnętrzny __glewDrawElementsBaseVertex
main.obj : error LNK2001: nierozpoznany symbol zewnętrzny __glewBindSampler
main.obj : error LNK2001: nierozpoznany symbol zewnętrzny __glewBindVertexArray
Mesh.obj : error LNK2001: nierozpoznany symbol zewnętrzny __glewBindVertexArray
VertexArrayObject.obj : error LNK2001: nierozpoznany symbol zewnętrzny __glewBindVertexArray
main.obj : error LNK2001: nierozpoznany symbol zewnętrzny __glewDeleteVertexArrays
Mesh.obj : error LNK2001: nierozpoznany symbol zewnętrzny __glewDeleteVertexArrays
VertexArrayObject.obj : error LNK2001: nierozpoznany symbol zewnętrzny __glewDeleteVertexArrays
main.obj : error LNK2001: nierozpoznany symbol zewnętrzny __glewGenVertexArrays
Mesh.obj : error LNK2001: nierozpoznany symbol zewnętrzny __glewGenVertexArrays
VertexArrayObject.obj : error LNK2001: nierozpoznany symbol zewnętrzny __glewGenVertexArrays
Mesh.obj : error LNK2019: nierozpoznany symbol zewnętrzny aiGetMaterialTextureCount przywołany w funkcji "public: unsigned int __cdecl aiMaterial::GetTextureCount(enum aiTextureType)const " (?GetTextureCount@aiMaterial@@QEBAIW4aiTextureType@@@Z)
Mesh.obj : error LNK2019: nierozpoznany symbol zewnętrzny aiGetMaterialTexture przywołany w funkcji "public: enum aiReturn __cdecl aiMaterial::GetTexture(enum aiTextureType,unsigned int,struct aiString *,enum aiTextureMapping *,unsigned int *,float *,enum aiTextureOp *,enum aiTextureMapMode *)const " (?GetTexture@aiMaterial@@QEBA?AW4aiReturn@@W4aiTextureType@@IPEAUaiString@@PEAW4aiTextureMapping@@PEAIPEAMPEAW4aiTextureOp@@PEAW4aiTextureMapMode@@@Z)
Model.obj : error LNK2019: nierozpoznany symbol zewnętrzny "public: __cdecl Assimp::Importer::Importer(void)" (??0Importer@Assimp@@QEAA@XZ) przywołany w funkcji "private: void __cdecl Model::loadAndCreate(class std::basic_string<char,struct std::char_traits<char>,class std::allocator<char> >)" (?loadAndCreate@Model@@AEAAXV?$basic_string@DU?$char_traits@D@std@@V?$allocator@D@2@@std@@@Z)
Model.obj : error LNK2019: nierozpoznany symbol zewnętrzny "public: __cdecl Assimp::Importer::~Importer(void)" (??1Importer@Assimp@@QEAA@XZ) przywołany w funkcji "private: void __cdecl Model::loadAndCreate(class std::basic_string<char,struct std::char_traits<char>,class std::allocator<char> >)" (?loadAndCreate@Model@@AEAAXV?$basic_string@DU?$char_traits@D@std@@V?$allocator@D@2@@std@@@Z)
Model.obj : error LNK2019: nierozpoznany symbol zewnętrzny "public: struct aiScene const * __cdecl Assimp::Importer::ReadFile(char const *,unsigned int)" (?ReadFile@Importer@Assimp@@QEAAPEBUaiScene@@PEBDI@Z) przywołany w funkcji "public: struct aiScene const * __cdecl Assimp::Importer::ReadFile(class std::basic_string<char,struct std::char_traits<char>,class std::allocator<char> > const &,unsigned int)" (?ReadFile@Importer@Assimp@@QEAAPEBUaiScene@@AEBV?$basic_string@DU?$char_traits@D@std@@V?$allocator@D@2@@std@@I@Z)
Model.obj : error LNK2019: nierozpoznany symbol zewnętrzny "public: char const * __cdecl Assimp::Importer::GetErrorString(void)const " (?GetErrorString@Importer@Assimp@@QEBAPEBDXZ) przywołany w funkcji "private: void __cdecl Model::loadAndCreate(class std::basic_string<char,struct std::char_traits<char>,class std::allocator<char> >)" (?loadAndCreate@Model@@AEAAXV?$basic_string@DU?$char_traits@D@std@@V?$allocator@D@2@@std@@@Z)
Model.obj : error LNK2019: nierozpoznany symbol zewnętrzny "public: __cdecl aiScene::aiScene(void)" (??0aiScene@@QEAA@XZ) przywołany w funkcji "private: void __cdecl Model::loadAndCreate(class std::basic_string<char,struct std::char_traits<char>,class std::allocator<char> >)" (?loadAndCreate@Model@@AEAAXV?$basic_string@DU?$char_traits@D@std@@V?$allocator@D@2@@std@@@Z)
ShaderProgram.obj : error LNK2001: nierozpoznany symbol zewnętrzny __glewUniform1f
ShaderProgram.obj : error LNK2001: nierozpoznany symbol zewnętrzny __glewUniform4f
ShaderProgram.obj : error LNK2001: nierozpoznany symbol zewnętrzny __glewUniform4fv
Texture.obj : error LNK2001: nierozpoznany symbol zewnętrzny __glewCreateTextures
Texture.obj : error LNK2001: nierozpoznany symbol zewnętrzny __glewGenerateMipmap
Window.obj : error LNK2019: nierozpoznany symbol zewnętrzny glewInit przywołany w funkcji "public: bool __cdecl Window::init(unsigned int,unsigned int,char const *)" (?init@Window@@QEAA_NIIPEBD@Z)
Window.obj : error LNK2019: nierozpoznany symbol zewnętrzny glfwInit przywołany w funkcji "public: bool __cdecl Window::init(unsigned int,unsigned int,char const *)" (?init@Window@@QEAA_NIIPEBD@Z)
Window.obj : error LNK2019: nierozpoznany symbol zewnętrzny glfwTerminate przywołany w funkcji "public: __cdecl Window::~Window(void)" (??1Window@@QEAA@XZ)
Window.obj : error LNK2019: nierozpoznany symbol zewnętrzny glfwWindowHint przywołany w funkcji "public: bool __cdecl Window::init(unsigned int,unsigned int,char const *)" (?init@Window@@QEAA_NIIPEBD@Z)
Window.obj : error LNK2019: nierozpoznany symbol zewnętrzny glfwCreateWindow przywołany w funkcji "public: bool __cdecl Window::init(unsigned int,unsigned int,char const *)" (?init@Window@@QEAA_NIIPEBD@Z)
Window.obj : error LNK2019: nierozpoznany symbol zewnętrzny glfwWindowShouldClose przywołany w funkcji "public: bool __cdecl Window::windowShouldClose(void)const " (?windowShouldClose@Window@@QEBA_NXZ)
Window.obj : error LNK2019: nierozpoznany symbol zewnętrzny glfwPollEvents przywołany w funkcji "public: void __cdecl Window::pollEvents(void)" (?pollEvents@Window@@QEAAXXZ)
Window.obj : error LNK2019: nierozpoznany symbol zewnętrzny glfwMakeContextCurrent przywołany w funkcji "public: bool __cdecl Window::init(unsigned int,unsigned int,char const *)" (?init@Window@@QEAA_NIIPEBD@Z)
Window.obj : error LNK2019: nierozpoznany symbol zewnętrzny glfwSwapBuffers przywołany w funkcji "public: void __cdecl Window::swapBuffers(void)" (?swapBuffers@Window@@QEAAXXZ)
Window.obj : error LNK2001: nierozpoznany symbol zewnętrzny glewExperimental
C:\Users\PTK\Documents\Visual Studio 2019\Libraries\OpenGL\lib\assimp.lib : warning LNK4272: wystąpił konflikt typu maszyny biblioteki „x86” z typem maszyny docelowej „x64”
C:\Users\PTK\Documents\Visual Studio 2019\Libraries\OpenGL\lib\zlibstatic.lib : warning LNK4272: wystąpił konflikt typu maszyny biblioteki „x86” z typem maszyny docelowej „x64”
C:\Users\PTK\Documents\Visual Studio 2019\Libraries\OpenGL\lib\glew32s.lib : warning LNK4272: wystąpił konflikt typu maszyny biblioteki „x86” z typem maszyny docelowej „x64”
C:\Users\PTK\Documents\Visual Studio 2019\Libraries\OpenGL\lib\glfw3.lib : warning LNK4272: wystąpił konflikt typu maszyny biblioteki „x86” z typem maszyny docelowej „x64”
C:\Users\PTK\Documents\Visual Studio 2019\Projects\Application1\x64\Debug\Application1.exe : fatal error LNK1120: liczba nierozpoznanych elementów zewnętrznych: 78
